<?xml version="1.0" encoding="UTF-8"?>
<coverage generated="1780632714039" clover="3.2.0">
  <project timestamp="1780632714039" name="All files">
    <metrics statements="201" coveredstatements="201" conditionals="85" coveredconditionals="85" methods="61" coveredmethods="61" elements="347" coveredelements="347" complexity="0" loc="201" ncloc="201" packages="2" files="6" classes="6"/>
    <package name="core.src">
      <metrics statements="200" coveredstatements="200" conditionals="85" coveredconditionals="85" methods="60" coveredmethods="60"/>
      <file name="actor-map.ts" path="/Users/anders/git/mantaq/packages/core/src/actor-map.ts">
        <metrics statements="30" coveredstatements="30" conditionals="12" coveredconditionals="12" methods="14" coveredmethods="14"/>
        <line num="7" count="16" type="stmt"/>
        <line num="9" count="16" type="stmt"/>
        <line num="12" count="4" type="stmt"/>
        <line num="16" count="16" type="stmt"/>
        <line num="20" count="22" type="cond" truecount="2" falsecount="0"/>
        <line num="21" count="21" type="stmt"/>
        <line num="22" count="21" type="stmt"/>
        <line num="23" count="21" type="cond" truecount="2" falsecount="0"/>
        <line num="24" count="13" type="stmt"/>
        <line num="25" count="13" type="stmt"/>
        <line num="26" count="13" type="stmt"/>
        <line num="27" count="2" type="stmt"/>
        <line num="28" count="2" type="stmt"/>
        <line num="34" count="8" type="stmt"/>
        <line num="35" count="8" type="cond" truecount="2" falsecount="0"/>
        <line num="36" count="7" type="stmt"/>
        <line num="41" count="2" type="cond" truecount="2" falsecount="0"/>
        <line num="42" count="1" type="stmt"/>
        <line num="47" count="2" type="cond" truecount="2" falsecount="0"/>
        <line num="48" count="1" type="stmt"/>
        <line num="53" count="7" type="stmt"/>
        <line num="54" count="7" type="cond" truecount="2" falsecount="0"/>
        <line num="55" count="4" type="stmt"/>
        <line num="60" count="2" type="stmt"/>
        <line num="61" count="5" type="stmt"/>
        <line num="66" count="4" type="stmt"/>
        <line num="70" count="8" type="stmt"/>
        <line num="74" count="2" type="stmt"/>
        <line num="78" count="9" type="stmt"/>
        <line num="86" count="16" type="stmt"/>
      </file>
      <file name="actor.ts" path="/Users/anders/git/mantaq/packages/core/src/actor.ts">
        <metrics statements="154" coveredstatements="154" conditionals="71" coveredconditionals="71" methods="34" coveredmethods="34"/>
        <line num="20" count="76" type="stmt"/>
        <line num="23" count="1" type="stmt"/>
        <line num="28" count="1" type="stmt"/>
        <line num="32" count="1" type="stmt"/>
        <line num="37" count="25" type="stmt"/>
        <line num="38" count="25" type="stmt"/>
        <line num="39" count="25" type="stmt"/>
        <line num="40" count="25" type="stmt"/>
        <line num="43" count="7" type="stmt"/>
        <line num="47" count="29" type="stmt"/>
        <line num="48" count="29" type="stmt"/>
        <line num="49" count="29" type="stmt"/>
        <line num="53" count="15" type="stmt"/>
        <line num="57" count="39" type="stmt"/>
        <line num="58" count="39" type="stmt"/>
        <line num="59" count="34" type="stmt"/>
        <line num="60" count="5" type="stmt"/>
        <line num="61" count="39" type="stmt"/>
        <line num="62" count="20" type="stmt"/>
        <line num="64" count="39" type="stmt"/>
        <line num="65" count="20" type="stmt"/>
        <line num="67" count="39" type="stmt"/>
        <line num="71" count="14" type="stmt"/>
        <line num="76" count="10" type="stmt"/>
        <line num="115" count="86" type="stmt"/>
        <line num="116" count="86" type="stmt"/>
        <line num="117" count="86" type="stmt"/>
        <line num="118" count="86" type="stmt"/>
        <line num="119" count="86" type="stmt"/>
        <line num="120" count="86" type="stmt"/>
        <line num="121" count="86" type="stmt"/>
        <line num="122" count="86" type="stmt"/>
        <line num="123" count="86" type="stmt"/>
        <line num="124" count="86" type="stmt"/>
        <line num="125" count="86" type="stmt"/>
        <line num="128" count="17" type="stmt"/>
        <line num="133" count="13" type="stmt"/>
        <line num="136" count="2" type="stmt"/>
        <line num="139" count="2" type="stmt"/>
        <line num="188" count="86" type="stmt"/>
        <line num="189" count="86" type="cond" truecount="2" falsecount="0"/>
        <line num="190" count="86" type="cond" truecount="2" falsecount="0"/>
        <line num="191" count="18" type="stmt"/>
        <line num="193" count="86" type="stmt"/>
        <line num="194" count="86" type="stmt"/>
        <line num="195" count="86" type="stmt"/>
        <line num="196" count="86" type="stmt"/>
        <line num="199" count="86" type="stmt"/>
        <line num="200" count="86" type="cond" truecount="4" falsecount="0"/>
        <line num="201" count="11" type="stmt"/>
        <line num="202" count="11" type="cond" truecount="2" falsecount="0"/>
        <line num="203" count="9" type="stmt"/>
        <line num="210" count="91" type="cond" truecount="2" falsecount="0"/>
        <line num="211" count="5" type="stmt"/>
        <line num="212" count="6" type="stmt"/>
        <line num="213" count="6" type="cond" truecount="2" falsecount="0"/>
        <line num="214" count="5" type="stmt"/>
        <line num="215" count="5" type="stmt"/>
        <line num="228" count="8" type="cond" truecount="2" falsecount="0"/>
        <line num="229" count="3" type="stmt"/>
        <line num="230" count="3" type="stmt"/>
        <line num="231" count="3" type="stmt"/>
        <line num="232" count="3" type="stmt"/>
        <line num="233" count="1" type="stmt"/>
        <line num="236" count="5" type="cond" truecount="2" falsecount="0"/>
        <line num="237" count="2" type="stmt"/>
        <line num="238" count="2" type="stmt"/>
        <line num="239" count="2" type="stmt"/>
        <line num="240" count="1" type="stmt"/>
        <line num="243" count="3" type="cond" truecount="2" falsecount="0"/>
        <line num="244" count="2" type="stmt"/>
        <line num="245" count="2" type="stmt"/>
        <line num="246" count="2" type="stmt"/>
        <line num="247" count="1" type="stmt"/>
        <line num="250" count="1" type="stmt"/>
        <line num="254" count="3" type="stmt"/>
        <line num="258" count="7" type="cond" truecount="4" falsecount="0"/>
        <line num="259" count="5" type="stmt"/>
        <line num="261" count="2" type="stmt"/>
        <line num="262" count="2" type="stmt"/>
        <line num="269" count="64" type="stmt"/>
        <line num="271" count="64" type="cond" truecount="2" falsecount="0"/>
        <line num="272" count="63" type="stmt"/>
        <line num="274" count="63" type="cond" truecount="2" falsecount="0"/>
        <line num="275" count="50" type="stmt"/>
        <line num="277" count="50" type="cond" truecount="2" falsecount="0"/>
        <line num="278" count="20" type="stmt"/>
        <line num="279" count="20" type="stmt"/>
        <line num="281" count="30" type="stmt"/>
        <line num="283" count="50" type="stmt"/>
        <line num="284" count="50" type="stmt"/>
        <line num="285" count="1" type="stmt"/>
        <line num="287" count="50" type="cond" truecount="2" falsecount="0"/>
        <line num="288" count="3" type="stmt"/>
        <line num="289" count="2" type="stmt"/>
        <line num="294" count="63" type="cond" truecount="2" falsecount="0"/>
        <line num="295" count="9" type="stmt"/>
        <line num="296" count="9" type="stmt"/>
        <line num="306" count="50" type="stmt"/>
        <line num="307" count="50" type="cond" truecount="2" falsecount="0"/>
        <line num="309" count="18" type="stmt"/>
        <line num="310" count="18" type="stmt"/>
        <line num="311" count="18" type="stmt"/>
        <line num="312" count="19" type="stmt"/>
        <line num="313" count="19" type="stmt"/>
        <line num="318" count="9" type="stmt"/>
        <line num="322" count="2" type="stmt"/>
        <line num="323" count="2" type="stmt"/>
        <line num="328" count="18" type="stmt"/>
        <line num="332" count="47" type="cond" truecount="2" falsecount="0"/>
        <line num="333" count="43" type="stmt"/>
        <line num="334" count="43" type="stmt"/>
        <line num="335" count="21" type="stmt"/>
        <line num="336" count="29" type="cond" truecount="2" falsecount="0"/>
        <line num="337" count="18" type="stmt"/>
        <line num="338" count="3" type="cond" truecount="2" falsecount="0"/>
        <line num="339" count="2" type="stmt"/>
        <line num="342" count="43" type="stmt"/>
        <line num="343" count="43" type="stmt"/>
        <line num="344" count="43" type="stmt"/>
        <line num="345" count="43" type="cond" truecount="4" falsecount="0"/>
        <line num="346" count="2" type="stmt"/>
        <line num="347" count="2" type="stmt"/>
        <line num="348" count="2" type="stmt"/>
        <line num="354" count="20" type="stmt"/>
        <line num="358" count="25" type="stmt"/>
        <line num="359" count="25" type="stmt"/>
        <line num="361" count="25" type="cond" truecount="2" falsecount="0"/>
        <line num="362" count="5" type="stmt"/>
        <line num="363" count="6" type="stmt"/>
        <line num="364" count="6" type="cond" truecount="2" falsecount="0"/>
        <line num="365" count="6" type="cond" truecount="2" falsecount="0"/>
        <line num="366" count="5" type="stmt"/>
        <line num="371" count="25" type="stmt"/>
        <line num="373" count="25" type="cond" truecount="2" falsecount="0"/>
        <line num="374" count="1" type="stmt"/>
        <line num="378" count="25" type="stmt"/>
        <line num="379" count="25" type="cond" truecount="4" falsecount="0"/>
        <line num="380" count="6" type="stmt"/>
        <line num="381" count="6" type="stmt"/>
        <line num="382" count="6" type="stmt"/>
        <line num="383" count="6" type="cond" truecount="2" falsecount="0"/>
        <line num="384" count="4" type="stmt"/>
        <line num="385" count="4" type="stmt"/>
        <line num="386" count="4" type="stmt"/>
        <line num="388" count="4" type="cond" truecount="2" falsecount="0"/>
        <line num="389" count="3" type="stmt"/>
        <line num="393" count="6" type="cond" truecount="2" falsecount="0"/>
        <line num="394" count="3" type="stmt"/>
        <line num="398" count="25" type="stmt"/>
        <line num="421" count="86" type="cond" truecount="2" falsecount="0"/>
        <line num="422" count="1" type="stmt"/>
        <line num="427" count="85" type="cond" truecount="5" falsecount="0"/>
        <line num="430" count="86" type="stmt"/>
      </file>
      <file name="event.ts" path="/Users/anders/git/mantaq/packages/core/src/event.ts">
        <metrics statements="5" coveredstatements="5" conditionals="2" coveredconditionals="2" methods="5" coveredmethods="5"/>
        <line num="2" count="133" type="stmt"/>
        <line num="3" count="133" type="stmt"/>
        <line num="14" count="134" type="stmt"/>
        <line num="18" count="4" type="cond" truecount="2" falsecount="0"/>
        <line num="22" count="42" type="stmt"/>
      </file>
      <file name="index.ts" path="/Users/anders/git/mantaq/packages/core/src/index.ts">
        <metrics statements="0" coveredstatements="0" conditionals="0" coveredconditionals="0" methods="0" coveredmethods="0"/>
      </file>
      <file name="state.ts" path="/Users/anders/git/mantaq/packages/core/src/state.ts">
        <metrics statements="11" coveredstatements="11" conditionals="0" coveredconditionals="0" methods="7" coveredmethods="7"/>
        <line num="4" count="171" type="stmt"/>
        <line num="24" count="171" type="stmt"/>
        <line num="28" count="171" type="stmt"/>
        <line num="32" count="21" type="stmt"/>
        <line num="39" count="7" type="stmt"/>
        <line num="40" count="7" type="stmt"/>
        <line num="44" count="7" type="stmt"/>
        <line num="45" count="7" type="stmt"/>
        <line num="55" count="21" type="stmt"/>
        <line num="56" count="21" type="stmt"/>
        <line num="57" count="21" type="stmt"/>
      </file>
    </package>
    <package name="utils.src">
      <metrics statements="1" coveredstatements="1" conditionals="0" coveredconditionals="0" methods="1" coveredmethods="1"/>
      <file name="index.ts" path="/Users/anders/git/mantaq/packages/utils/src/index.ts">
        <metrics statements="1" coveredstatements="1" conditionals="0" coveredconditionals="0" methods="1" coveredmethods="1"/>
        <line num="2" count="1" type="stmt"/>
      </file>
    </package>
  </project>
</coverage>
