{
  "/Users/anders/git/mantaq/packages/core/src/actor-map.ts": {
    "path": "/Users/anders/git/mantaq/packages/core/src/actor-map.ts",
    "statementMap": {
      "0": { "start": { "line": 7, "column": 30 }, "end": { "line": 7, "column": null } },
      "1": { "start": { "line": 9, "column": 47 }, "end": { "line": 9, "column": null } },
      "2": { "start": { "line": 12, "column": 4 }, "end": { "line": 12, "column": null } },
      "3": { "start": { "line": 16, "column": 4 }, "end": { "line": 16, "column": null } },
      "4": { "start": { "line": 20, "column": 4 }, "end": { "line": 20, "column": null } },
      "5": { "start": { "line": 20, "column": 33 }, "end": { "line": 20, "column": null } },
      "6": { "start": { "line": 21, "column": 18 }, "end": { "line": 21, "column": null } },
      "7": { "start": { "line": 22, "column": 4 }, "end": { "line": 22, "column": null } },
      "8": { "start": { "line": 23, "column": 4 }, "end": { "line": 30, "column": null } },
      "9": { "start": { "line": 24, "column": 6 }, "end": { "line": 24, "column": null } },
      "10": { "start": { "line": 25, "column": 21 }, "end": { "line": 25, "column": null } },
      "11": { "start": { "line": 26, "column": 6 }, "end": { "line": 29, "column": null } },
      "12": { "start": { "line": 27, "column": 8 }, "end": { "line": 27, "column": null } },
      "13": { "start": { "line": 28, "column": 8 }, "end": { "line": 28, "column": null } },
      "14": { "start": { "line": 34, "column": 18 }, "end": { "line": 34, "column": null } },
      "15": { "start": { "line": 35, "column": 4 }, "end": { "line": 37, "column": null } },
      "16": { "start": { "line": 36, "column": 6 }, "end": { "line": 36, "column": null } },
      "17": { "start": { "line": 41, "column": 4 }, "end": { "line": 43, "column": null } },
      "18": { "start": { "line": 42, "column": 6 }, "end": { "line": 42, "column": null } },
      "19": { "start": { "line": 47, "column": 4 }, "end": { "line": 49, "column": null } },
      "20": { "start": { "line": 48, "column": 6 }, "end": { "line": 48, "column": null } },
      "21": { "start": { "line": 53, "column": 4 }, "end": { "line": 53, "column": null } },
      "22": { "start": { "line": 54, "column": 4 }, "end": { "line": 56, "column": null } },
      "23": { "start": { "line": 55, "column": 6 }, "end": { "line": 55, "column": null } },
      "24": { "start": { "line": 60, "column": 4 }, "end": { "line": 62, "column": null } },
      "25": { "start": { "line": 61, "column": 6 }, "end": { "line": 61, "column": null } },
      "26": { "start": { "line": 66, "column": 4 }, "end": { "line": 66, "column": null } },
      "27": { "start": { "line": 70, "column": 4 }, "end": { "line": 70, "column": null } },
      "28": { "start": { "line": 74, "column": 4 }, "end": { "line": 74, "column": null } },
      "29": { "start": { "line": 78, "column": 4 }, "end": { "line": 78, "column": null } },
      "30": { "start": { "line": 86, "column": 2 }, "end": { "line": 86, "column": null } }
    },
    "fnMap": {
      "0": {
        "name": "__children",
        "decl": { "start": { "line": 11, "column": 23 }, "end": { "line": 11, "column": 52 } },
        "loc": { "start": { "line": 11, "column": 52 }, "end": { "line": 13, "column": null } },
        "line": 11
      },
      "1": {
        "name": "constructor",
        "decl": { "start": { "line": 15, "column": 2 }, "end": { "line": 15, "column": 14 } },
        "loc": { "start": { "line": 15, "column": 26 }, "end": { "line": 17, "column": null } },
        "line": 15
      },
      "2": {
        "name": "spawn",
        "decl": { "start": { "line": 19, "column": 2 }, "end": { "line": 19, "column": 8 } },
        "loc": { "start": { "line": 19, "column": 27 }, "end": { "line": 31, "column": null } },
        "line": 19
      },
      "3": {
        "name": "(anonymous_3)",
        "decl": { "start": { "line": 26, "column": 12 }, "end": { "line": 26, "column": 31 } },
        "loc": { "start": { "line": 26, "column": 81 }, "end": { "line": 29, "column": null } },
        "line": 26
      },
      "4": {
        "name": "send",
        "decl": { "start": { "line": 33, "column": 2 }, "end": { "line": 33, "column": 7 } },
        "loc": { "start": { "line": 33, "column": 42 }, "end": { "line": 38, "column": null } },
        "line": 33
      },
      "5": {
        "name": "sendIfExists",
        "decl": { "start": { "line": 40, "column": 2 }, "end": { "line": 40, "column": 15 } },
        "loc": { "start": { "line": 40, "column": 50 }, "end": { "line": 44, "column": null } },
        "line": 40
      },
      "6": {
        "name": "ensure",
        "decl": { "start": { "line": 46, "column": 2 }, "end": { "line": 46, "column": 9 } },
        "loc": { "start": { "line": 46, "column": 28 }, "end": { "line": 50, "column": null } },
        "line": 46
      },
      "7": {
        "name": "kill",
        "decl": { "start": { "line": 52, "column": 2 }, "end": { "line": 52, "column": 7 } },
        "loc": { "start": { "line": 52, "column": 26 }, "end": { "line": 57, "column": null } },
        "line": 52
      },
      "8": {
        "name": "killAll",
        "decl": { "start": { "line": 59, "column": 2 }, "end": { "line": 59, "column": 18 } },
        "loc": { "start": { "line": 59, "column": 18 }, "end": { "line": 63, "column": null } },
        "line": 59
      },
      "9": {
        "name": "get",
        "decl": { "start": { "line": 65, "column": 2 }, "end": { "line": 65, "column": 6 } },
        "loc": { "start": { "line": 65, "column": 34 }, "end": { "line": 67, "column": null } },
        "line": 65
      },
      "10": {
        "name": "has",
        "decl": { "start": { "line": 69, "column": 2 }, "end": { "line": 69, "column": 6 } },
        "loc": { "start": { "line": 69, "column": 28 }, "end": { "line": 71, "column": null } },
        "line": 69
      },
      "11": {
        "name": "keys",
        "decl": { "start": { "line": 73, "column": 2 }, "end": { "line": 73, "column": 19 } },
        "loc": { "start": { "line": 73, "column": 19 }, "end": { "line": 75, "column": null } },
        "line": 73
      },
      "12": {
        "name": "size",
        "decl": { "start": { "line": 77, "column": 6 }, "end": { "line": 77, "column": 21 } },
        "loc": { "start": { "line": 77, "column": 21 }, "end": { "line": 79, "column": null } },
        "line": 77
      },
      "13": {
        "name": "actorMap",
        "decl": { "start": { "line": 82, "column": 16 }, "end": { "line": 82, "column": null } },
        "loc": { "start": { "line": 85, "column": 15 }, "end": { "line": 87, "column": null } },
        "line": 85
      }
    },
    "branchMap": {
      "0": {
        "loc": { "start": { "line": 20, "column": 4 }, "end": { "line": 20, "column": null } },
        "type": "if",
        "locations": [
          { "start": { "line": 20, "column": 4 }, "end": { "line": 20, "column": null } },
          { "start": {}, "end": {} }
        ],
        "line": 20
      },
      "1": {
        "loc": { "start": { "line": 23, "column": 4 }, "end": { "line": 30, "column": null } },
        "type": "if",
        "locations": [
          { "start": { "line": 23, "column": 4 }, "end": { "line": 30, "column": null } },
          { "start": {}, "end": {} }
        ],
        "line": 23
      },
      "2": {
        "loc": { "start": { "line": 35, "column": 4 }, "end": { "line": 37, "column": null } },
        "type": "if",
        "locations": [
          { "start": { "line": 35, "column": 4 }, "end": { "line": 37, "column": null } },
          { "start": {}, "end": {} }
        ],
        "line": 35
      },
      "3": {
        "loc": { "start": { "line": 41, "column": 4 }, "end": { "line": 43, "column": null } },
        "type": "if",
        "locations": [
          { "start": { "line": 41, "column": 4 }, "end": { "line": 43, "column": null } },
          { "start": {}, "end": {} }
        ],
        "line": 41
      },
      "4": {
        "loc": { "start": { "line": 47, "column": 4 }, "end": { "line": 49, "column": null } },
        "type": "if",
        "locations": [
          { "start": { "line": 47, "column": 4 }, "end": { "line": 49, "column": null } },
          { "start": {}, "end": {} }
        ],
        "line": 47
      },
      "5": {
        "loc": { "start": { "line": 54, "column": 4 }, "end": { "line": 56, "column": null } },
        "type": "if",
        "locations": [
          { "start": { "line": 54, "column": 4 }, "end": { "line": 56, "column": null } },
          { "start": {}, "end": {} }
        ],
        "line": 54
      }
    },
    "s": {
      "0": 16,
      "1": 16,
      "2": 4,
      "3": 16,
      "4": 22,
      "5": 1,
      "6": 21,
      "7": 21,
      "8": 21,
      "9": 13,
      "10": 13,
      "11": 13,
      "12": 2,
      "13": 2,
      "14": 8,
      "15": 8,
      "16": 7,
      "17": 2,
      "18": 1,
      "19": 2,
      "20": 1,
      "21": 7,
      "22": 7,
      "23": 4,
      "24": 2,
      "25": 5,
      "26": 4,
      "27": 8,
      "28": 2,
      "29": 9,
      "30": 16
    },
    "f": {
      "0": 4,
      "1": 16,
      "2": 22,
      "3": 2,
      "4": 8,
      "5": 2,
      "6": 2,
      "7": 7,
      "8": 2,
      "9": 4,
      "10": 8,
      "11": 2,
      "12": 9,
      "13": 16
    },
    "b": { "0": [1, 21], "1": [13, 8], "2": [7, 1], "3": [1, 1], "4": [1, 1], "5": [4, 3] },
    "meta": {
      "lastBranch": 6,
      "lastFunction": 14,
      "lastStatement": 31,
      "seen": {
        "s:7:30:7:Infinity": 0,
        "s:9:47:9:Infinity": 1,
        "f:11:23:11:52": 0,
        "s:12:4:12:Infinity": 2,
        "f:15:2:15:14": 1,
        "s:16:4:16:Infinity": 3,
        "f:19:2:19:8": 2,
        "b:20:4:20:Infinity:undefined:undefined:undefined:undefined": 0,
        "s:20:4:20:Infinity": 4,
        "s:20:33:20:Infinity": 5,
        "s:21:18:21:Infinity": 6,
        "s:22:4:22:Infinity": 7,
        "b:23:4:30:Infinity:undefined:undefined:undefined:undefined": 1,
        "s:23:4:30:Infinity": 8,
        "s:24:6:24:Infinity": 9,
        "s:25:21:25:Infinity": 10,
        "s:26:6:29:Infinity": 11,
        "f:26:12:26:31": 3,
        "s:27:8:27:Infinity": 12,
        "s:28:8:28:Infinity": 13,
        "f:33:2:33:7": 4,
        "s:34:18:34:Infinity": 14,
        "b:35:4:37:Infinity:undefined:undefined:undefined:undefined": 2,
        "s:35:4:37:Infinity": 15,
        "s:36:6:36:Infinity": 16,
        "f:40:2:40:15": 5,
        "b:41:4:43:Infinity:undefined:undefined:undefined:undefined": 3,
        "s:41:4:43:Infinity": 17,
        "s:42:6:42:Infinity": 18,
        "f:46:2:46:9": 6,
        "b:47:4:49:Infinity:undefined:undefined:undefined:undefined": 4,
        "s:47:4:49:Infinity": 19,
        "s:48:6:48:Infinity": 20,
        "f:52:2:52:7": 7,
        "s:53:4:53:Infinity": 21,
        "b:54:4:56:Infinity:undefined:undefined:undefined:undefined": 5,
        "s:54:4:56:Infinity": 22,
        "s:55:6:55:Infinity": 23,
        "f:59:2:59:18": 8,
        "s:60:4:62:Infinity": 24,
        "s:61:6:61:Infinity": 25,
        "f:65:2:65:6": 9,
        "s:66:4:66:Infinity": 26,
        "f:69:2:69:6": 10,
        "s:70:4:70:Infinity": 27,
        "f:73:2:73:19": 11,
        "s:74:4:74:Infinity": 28,
        "f:77:6:77:21": 12,
        "s:78:4:78:Infinity": 29,
        "f:82:16:82:Infinity": 13,
        "s:86:2:86:Infinity": 30
      }
    }
  },
  "/Users/anders/git/mantaq/packages/core/src/actor.ts": {
    "path": "/Users/anders/git/mantaq/packages/core/src/actor.ts",
    "statementMap": {
      "0": { "start": { "line": 20, "column": 11 }, "end": { "line": 20, "column": null } },
      "1": { "start": { "line": 23, "column": 4 }, "end": { "line": 23, "column": null } },
      "2": { "start": { "line": 28, "column": 4 }, "end": { "line": 28, "column": null } },
      "3": { "start": { "line": 32, "column": 4 }, "end": { "line": 32, "column": null } },
      "4": { "start": { "line": 37, "column": 9 }, "end": { "line": 37, "column": null } },
      "5": { "start": { "line": 38, "column": 63 }, "end": { "line": 38, "column": null } },
      "6": { "start": { "line": 39, "column": 12 }, "end": { "line": 39, "column": null } },
      "7": { "start": { "line": 40, "column": 32 }, "end": { "line": 40, "column": null } },
      "8": { "start": { "line": 43, "column": 4 }, "end": { "line": 43, "column": null } },
      "9": { "start": { "line": 47, "column": 15 }, "end": { "line": 47, "column": null } },
      "10": { "start": { "line": 48, "column": 4 }, "end": { "line": 48, "column": null } },
      "11": { "start": { "line": 49, "column": 4 }, "end": { "line": 49, "column": null } },
      "12": { "start": { "line": 53, "column": 4 }, "end": { "line": 53, "column": null } },
      "13": { "start": { "line": 57, "column": 4 }, "end": { "line": 57, "column": null } },
      "14": { "start": { "line": 58, "column": 16 }, "end": { "line": 60, "column": null } },
      "15": { "start": { "line": 59, "column": 25 }, "end": { "line": 59, "column": 48 } },
      "16": { "start": { "line": 60, "column": 22 }, "end": { "line": 60, "column": 51 } },
      "17": { "start": { "line": 61, "column": 4 }, "end": { "line": 63, "column": null } },
      "18": { "start": { "line": 62, "column": 6 }, "end": { "line": 62, "column": null } },
      "19": { "start": { "line": 64, "column": 4 }, "end": { "line": 66, "column": null } },
      "20": { "start": { "line": 65, "column": 6 }, "end": { "line": 65, "column": null } },
      "21": { "start": { "line": 67, "column": 4 }, "end": { "line": 67, "column": null } },
      "22": { "start": { "line": 71, "column": 4 }, "end": { "line": 71, "column": null } },
      "23": { "start": { "line": 76, "column": 4 }, "end": { "line": 76, "column": null } },
      "24": { "start": { "line": 115, "column": 43 }, "end": { "line": 115, "column": null } },
      "25": { "start": { "line": 116, "column": 37 }, "end": { "line": 116, "column": null } },
      "26": { "start": { "line": 117, "column": 66 }, "end": { "line": 117, "column": null } },
      "27": { "start": { "line": 118, "column": 16 }, "end": { "line": 118, "column": null } },
      "28": { "start": { "line": 119, "column": 41 }, "end": { "line": 119, "column": null } },
      "29": { "start": { "line": 120, "column": 85 }, "end": { "line": 120, "column": null } },
      "30": { "start": { "line": 121, "column": 16 }, "end": { "line": 121, "column": null } },
      "31": { "start": { "line": 122, "column": 52 }, "end": { "line": 122, "column": null } },
      "32": { "start": { "line": 123, "column": 53 }, "end": { "line": 123, "column": null } },
      "33": { "start": { "line": 124, "column": 38 }, "end": { "line": 124, "column": null } },
      "34": { "start": { "line": 125, "column": 41 }, "end": { "line": 125, "column": null } },
      "35": { "start": { "line": 128, "column": 4 }, "end": { "line": 128, "column": null } },
      "36": { "start": { "line": 133, "column": 4 }, "end": { "line": 133, "column": null } },
      "37": { "start": { "line": 136, "column": 4 }, "end": { "line": 136, "column": null } },
      "38": { "start": { "line": 139, "column": 4 }, "end": { "line": 139, "column": null } },
      "39": { "start": { "line": 188, "column": 4 }, "end": { "line": 188, "column": null } },
      "40": { "start": { "line": 189, "column": 4 }, "end": { "line": 189, "column": null } },
      "41": { "start": { "line": 190, "column": 4 }, "end": { "line": 192, "column": null } },
      "42": { "start": { "line": 191, "column": 6 }, "end": { "line": 191, "column": null } },
      "43": { "start": { "line": 191, "column": 33 }, "end": { "line": 191, "column": 61 } },
      "44": { "start": { "line": 193, "column": 17 }, "end": { "line": 193, "column": null } },
      "45": { "start": { "line": 194, "column": 4 }, "end": { "line": 194, "column": null } },
      "46": { "start": { "line": 195, "column": 4 }, "end": { "line": 195, "column": null } },
      "47": { "start": { "line": 196, "column": 4 }, "end": { "line": 196, "column": null } },
      "48": { "start": { "line": 199, "column": 21 }, "end": { "line": 199, "column": null } },
      "49": { "start": { "line": 200, "column": 4 }, "end": { "line": 206, "column": null } },
      "50": { "start": { "line": 201, "column": 6 }, "end": { "line": 205, "column": null } },
      "51": { "start": { "line": 202, "column": 8 }, "end": { "line": 204, "column": null } },
      "52": { "start": { "line": 203, "column": 10 }, "end": { "line": 203, "column": null } },
      "53": { "start": { "line": 210, "column": 4 }, "end": { "line": 218, "column": null } },
      "54": { "start": { "line": 211, "column": 6 }, "end": { "line": 217, "column": null } },
      "55": { "start": { "line": 212, "column": 24 }, "end": { "line": 212, "column": null } },
      "56": { "start": { "line": 213, "column": 8 }, "end": { "line": 216, "column": null } },
      "57": { "start": { "line": 214, "column": 10 }, "end": { "line": 214, "column": null } },
      "58": { "start": { "line": 215, "column": 10 }, "end": { "line": 215, "column": null } },
      "59": { "start": { "line": 228, "column": 4 }, "end": { "line": 235, "column": null } },
      "60": { "start": { "line": 229, "column": 17 }, "end": { "line": 229, "column": null } },
      "61": { "start": { "line": 230, "column": 6 }, "end": { "line": 230, "column": null } },
      "62": { "start": { "line": 231, "column": 6 }, "end": { "line": 231, "column": null } },
      "63": { "start": { "line": 232, "column": 6 }, "end": { "line": 234, "column": null } },
      "64": { "start": { "line": 233, "column": 8 }, "end": { "line": 233, "column": null } },
      "65": { "start": { "line": 236, "column": 4 }, "end": { "line": 242, "column": null } },
      "66": { "start": { "line": 237, "column": 17 }, "end": { "line": 237, "column": null } },
      "67": { "start": { "line": 238, "column": 6 }, "end": { "line": 238, "column": null } },
      "68": { "start": { "line": 239, "column": 6 }, "end": { "line": 241, "column": null } },
      "69": { "start": { "line": 240, "column": 8 }, "end": { "line": 240, "column": null } },
      "70": { "start": { "line": 243, "column": 4 }, "end": { "line": 249, "column": null } },
      "71": { "start": { "line": 244, "column": 17 }, "end": { "line": 244, "column": null } },
      "72": { "start": { "line": 245, "column": 6 }, "end": { "line": 245, "column": null } },
      "73": { "start": { "line": 246, "column": 6 }, "end": { "line": 248, "column": null } },
      "74": { "start": { "line": 247, "column": 8 }, "end": { "line": 247, "column": null } },
      "75": { "start": { "line": 250, "column": 4 }, "end": { "line": 250, "column": null } },
      "76": { "start": { "line": 254, "column": 4 }, "end": { "line": 254, "column": null } },
      "77": { "start": { "line": 258, "column": 4 }, "end": { "line": 260, "column": null } },
      "78": { "start": { "line": 259, "column": 6 }, "end": { "line": 259, "column": null } },
      "79": { "start": { "line": 261, "column": 4 }, "end": { "line": 263, "column": null } },
      "80": { "start": { "line": 262, "column": 6 }, "end": { "line": 262, "column": null } },
      "81": { "start": { "line": 269, "column": 6 }, "end": { "line": 269, "column": null } },
      "82": { "start": { "line": 271, "column": 4 }, "end": { "line": 298, "column": null } },
      "83": { "start": { "line": 272, "column": 19 }, "end": { "line": 272, "column": null } },
      "84": { "start": { "line": 274, "column": 6 }, "end": { "line": 292, "column": null } },
      "85": { "start": { "line": 275, "column": 8 }, "end": { "line": 275, "column": null } },
      "86": { "start": { "line": 277, "column": 8 }, "end": { "line": 282, "column": null } },
      "87": { "start": { "line": 278, "column": 10 }, "end": { "line": 278, "column": null } },
      "88": { "start": { "line": 279, "column": 10 }, "end": { "line": 279, "column": null } },
      "89": { "start": { "line": 281, "column": 10 }, "end": { "line": 281, "column": null } },
      "90": { "start": { "line": 283, "column": 8 }, "end": { "line": 283, "column": null } },
      "91": { "start": { "line": 284, "column": 8 }, "end": { "line": 286, "column": null } },
      "92": { "start": { "line": 285, "column": 10 }, "end": { "line": 285, "column": null } },
      "93": { "start": { "line": 287, "column": 8 }, "end": { "line": 291, "column": null } },
      "94": { "start": { "line": 288, "column": 10 }, "end": { "line": 290, "column": null } },
      "95": { "start": { "line": 289, "column": 12 }, "end": { "line": 289, "column": null } },
      "96": { "start": { "line": 294, "column": 6 }, "end": { "line": 297, "column": null } },
      "97": { "start": { "line": 295, "column": 8 }, "end": { "line": 295, "column": null } },
      "98": { "start": { "line": 296, "column": 8 }, "end": { "line": 296, "column": null } },
      "99": { "start": { "line": 306, "column": 20 }, "end": { "line": 306, "column": null } },
      "100": { "start": { "line": 307, "column": 4 }, "end": { "line": 307, "column": null } },
      "101": { "start": { "line": 307, "column": 18 }, "end": { "line": 307, "column": null } },
      "102": { "start": { "line": 309, "column": 18 }, "end": { "line": 309, "column": null } },
      "103": { "start": { "line": 310, "column": 4 }, "end": { "line": 310, "column": null } },
      "104": { "start": { "line": 311, "column": 4 }, "end": { "line": 326, "column": null } },
      "105": { "start": { "line": 312, "column": 6 }, "end": { "line": 325, "column": null } },
      "106": { "start": { "line": 313, "column": 8 }, "end": { "line": 320, "column": null } },
      "107": { "start": { "line": 318, "column": 63 }, "end": { "line": 318, "column": null } },
      "108": { "start": { "line": 322, "column": 8 }, "end": { "line": 324, "column": null } },
      "109": { "start": { "line": 323, "column": 10 }, "end": { "line": 323, "column": null } },
      "110": { "start": { "line": 328, "column": 4 }, "end": { "line": 328, "column": null } },
      "111": { "start": { "line": 332, "column": 4 }, "end": { "line": 332, "column": null } },
      "112": { "start": { "line": 332, "column": 26 }, "end": { "line": 332, "column": null } },
      "113": { "start": { "line": 333, "column": 4 }, "end": { "line": 333, "column": null } },
      "114": { "start": { "line": 334, "column": 4 }, "end": { "line": 341, "column": null } },
      "115": { "start": { "line": 335, "column": 20 }, "end": { "line": 335, "column": null } },
      "116": { "start": { "line": 336, "column": 6 }, "end": { "line": 340, "column": null } },
      "117": { "start": { "line": 336, "column": 44 }, "end": { "line": 336, "column": 61 } },
      "118": { "start": { "line": 337, "column": 8 }, "end": { "line": 337, "column": null } },
      "119": { "start": { "line": 338, "column": 13 }, "end": { "line": 340, "column": null } },
      "120": { "start": { "line": 339, "column": 8 }, "end": { "line": 339, "column": null } },
      "121": { "start": { "line": 342, "column": 4 }, "end": { "line": 342, "column": null } },
      "122": { "start": { "line": 343, "column": 4 }, "end": { "line": 343, "column": null } },
      "123": { "start": { "line": 344, "column": 4 }, "end": { "line": 344, "column": null } },
      "124": { "start": { "line": 345, "column": 4 }, "end": { "line": 350, "column": null } },
      "125": { "start": { "line": 346, "column": 24 }, "end": { "line": 346, "column": null } },
      "126": { "start": { "line": 347, "column": 6 }, "end": { "line": 349, "column": null } },
      "127": { "start": { "line": 348, "column": 8 }, "end": { "line": 348, "column": null } },
      "128": { "start": { "line": 354, "column": 4 }, "end": { "line": 354, "column": null } },
      "129": { "start": { "line": 358, "column": 17 }, "end": { "line": 358, "column": null } },
      "130": { "start": { "line": 359, "column": 46 }, "end": { "line": 359, "column": null } },
      "131": { "start": { "line": 361, "column": 4 }, "end": { "line": 369, "column": null } },
      "132": { "start": { "line": 362, "column": 6 }, "end": { "line": 368, "column": null } },
      "133": { "start": { "line": 363, "column": 20 }, "end": { "line": 363, "column": null } },
      "134": { "start": { "line": 364, "column": 23 }, "end": { "line": 364, "column": null } },
      "135": { "start": { "line": 365, "column": 8 }, "end": { "line": 367, "column": null } },
      "136": { "start": { "line": 366, "column": 10 }, "end": { "line": 366, "column": null } },
      "137": { "start": { "line": 371, "column": 27 }, "end": { "line": 371, "column": null } },
      "138": { "start": { "line": 373, "column": 4 }, "end": { "line": 375, "column": null } },
      "139": { "start": { "line": 374, "column": 6 }, "end": { "line": 374, "column": null } },
      "140": { "start": { "line": 378, "column": 21 }, "end": { "line": 378, "column": null } },
      "141": { "start": { "line": 379, "column": 4 }, "end": { "line": 396, "column": null } },
      "142": { "start": { "line": 380, "column": 27 }, "end": { "line": 380, "column": null } },
      "143": { "start": { "line": 381, "column": 69 }, "end": { "line": 381, "column": null } },
      "144": { "start": { "line": 382, "column": 6 }, "end": { "line": 392, "column": null } },
      "145": { "start": { "line": 383, "column": 8 }, "end": { "line": 391, "column": null } },
      "146": { "start": { "line": 384, "column": 56 }, "end": { "line": 384, "column": null } },
      "147": { "start": { "line": 385, "column": 10 }, "end": { "line": 387, "column": null } },
      "148": { "start": { "line": 386, "column": 12 }, "end": { "line": 386, "column": null } },
      "149": { "start": { "line": 388, "column": 10 }, "end": { "line": 390, "column": null } },
      "150": { "start": { "line": 389, "column": 12 }, "end": { "line": 389, "column": null } },
      "151": { "start": { "line": 393, "column": 6 }, "end": { "line": 395, "column": null } },
      "152": { "start": { "line": 394, "column": 8 }, "end": { "line": 394, "column": null } },
      "153": { "start": { "line": 398, "column": 4 }, "end": { "line": 398, "column": null } },
      "154": { "start": { "line": 421, "column": 2 }, "end": { "line": 425, "column": null } },
      "155": { "start": { "line": 422, "column": 4 }, "end": { "line": 422, "column": null } },
      "156": { "start": { "line": 427, "column": 4 }, "end": { "line": 429, "column": null } },
      "157": { "start": { "line": 430, "column": 2 }, "end": { "line": 430, "column": null } }
    },
    "fnMap": {
      "0": {
        "name": "now",
        "decl": { "start": { "line": 22, "column": 2 }, "end": { "line": 22, "column": 16 } },
        "loc": { "start": { "line": 22, "column": 16 }, "end": { "line": 24, "column": null } },
        "line": 22
      },
      "1": {
        "name": "setTimeout",
        "decl": { "start": { "line": 26, "column": 2 }, "end": { "line": 26, "column": 13 } },
        "loc": { "start": { "line": 26, "column": 49 }, "end": { "line": 29, "column": null } },
        "line": 26
      },
      "2": {
        "name": "clearTimeout",
        "decl": { "start": { "line": 31, "column": 2 }, "end": { "line": 31, "column": 15 } },
        "loc": { "start": { "line": 31, "column": 33 }, "end": { "line": 33, "column": null } },
        "line": 31
      },
      "3": {
        "name": "now",
        "decl": { "start": { "line": 42, "column": 2 }, "end": { "line": 42, "column": 16 } },
        "loc": { "start": { "line": 42, "column": 16 }, "end": { "line": 44, "column": null } },
        "line": 42
      },
      "4": {
        "name": "setTimeout",
        "decl": { "start": { "line": 46, "column": 2 }, "end": { "line": 46, "column": 13 } },
        "loc": { "start": { "line": 46, "column": 49 }, "end": { "line": 50, "column": null } },
        "line": 46
      },
      "5": {
        "name": "clearTimeout",
        "decl": { "start": { "line": 52, "column": 2 }, "end": { "line": 52, "column": 15 } },
        "loc": { "start": { "line": 52, "column": 33 }, "end": { "line": 54, "column": null } },
        "line": 52
      },
      "6": {
        "name": "advance",
        "decl": { "start": { "line": 56, "column": 2 }, "end": { "line": 56, "column": 10 } },
        "loc": { "start": { "line": 56, "column": 28 }, "end": { "line": 68, "column": null } },
        "line": 56
      },
      "7": {
        "name": "(anonymous_7)",
        "decl": { "start": { "line": 59, "column": 7 }, "end": { "line": 59, "column": 15 } },
        "loc": { "start": { "line": 59, "column": 25 }, "end": { "line": 59, "column": 48 } },
        "line": 59
      },
      "8": {
        "name": "(anonymous_8)",
        "decl": { "start": { "line": 60, "column": 7 }, "end": { "line": 60, "column": 13 } },
        "loc": { "start": { "line": 60, "column": 22 }, "end": { "line": 60, "column": 51 } },
        "line": 60
      },
      "9": {
        "name": "hasPending",
        "decl": { "start": { "line": 70, "column": 2 }, "end": { "line": 70, "column": 24 } },
        "loc": { "start": { "line": 70, "column": 24 }, "end": { "line": 72, "column": null } },
        "line": 70
      },
      "10": {
        "name": "_setDrain",
        "decl": { "start": { "line": 75, "column": 2 }, "end": { "line": 75, "column": 12 } },
        "loc": { "start": { "line": 75, "column": 34 }, "end": { "line": 77, "column": null } },
        "line": 75
      },
      "11": {
        "name": "__children",
        "decl": { "start": { "line": 127, "column": 23 }, "end": { "line": 127, "column": 59 } },
        "loc": { "start": { "line": 127, "column": 59 }, "end": { "line": 129, "column": null } },
        "line": 127
      },
      "12": {
        "name": "__outputHandler",
        "decl": { "start": { "line": 130, "column": 23 }, "end": { "line": 130, "column": null } },
        "loc": { "start": { "line": 132, "column": 4 }, "end": { "line": 134, "column": null } },
        "line": 132
      },
      "13": {
        "name": "__pushInternal",
        "decl": { "start": { "line": 135, "column": 19 }, "end": { "line": 135, "column": 34 } },
        "loc": { "start": { "line": 135, "column": 87 }, "end": { "line": 137, "column": null } },
        "line": 135
      },
      "14": {
        "name": "__drainInternal",
        "decl": { "start": { "line": 138, "column": 19 }, "end": { "line": 138, "column": 43 } },
        "loc": { "start": { "line": 138, "column": 43 }, "end": { "line": 140, "column": null } },
        "line": 138
      },
      "15": {
        "name": "constructor",
        "decl": { "start": { "line": 165, "column": 2 }, "end": { "line": 165, "column": 14 } },
        "loc": { "start": { "line": 187, "column": 5 }, "end": { "line": 207, "column": null } },
        "line": 187
      },
      "16": {
        "name": "(anonymous_16)",
        "decl": { "start": { "line": 191, "column": 17 }, "end": { "line": 191, "column": 33 } },
        "loc": { "start": { "line": 191, "column": 33 }, "end": { "line": 191, "column": 61 } },
        "line": 191
      },
      "17": {
        "name": "(anonymous_17)",
        "decl": { "start": { "line": 209, "column": 2 }, "end": { "line": 209, "column": 19 } },
        "loc": { "start": { "line": 209, "column": 41 }, "end": { "line": 219, "column": null } },
        "line": 209
      },
      "18": {
        "name": "on",
        "decl": { "start": { "line": 224, "column": 2 }, "end": { "line": 224, "column": null } },
        "loc": { "start": { "line": 227, "column": 16 }, "end": { "line": 251, "column": null } },
        "line": 227
      },
      "19": {
        "name": "(anonymous_19)",
        "decl": { "start": { "line": 232, "column": 6 }, "end": { "line": 232, "column": 19 } },
        "loc": { "start": { "line": 232, "column": 19 }, "end": { "line": 234, "column": null } },
        "line": 232
      },
      "20": {
        "name": "(anonymous_20)",
        "decl": { "start": { "line": 239, "column": 6 }, "end": { "line": 239, "column": 19 } },
        "loc": { "start": { "line": 239, "column": 19 }, "end": { "line": 241, "column": null } },
        "line": 239
      },
      "21": {
        "name": "(anonymous_21)",
        "decl": { "start": { "line": 246, "column": 6 }, "end": { "line": 246, "column": 19 } },
        "loc": { "start": { "line": 246, "column": 19 }, "end": { "line": 248, "column": null } },
        "line": 246
      },
      "22": {
        "name": "(anonymous_22)",
        "decl": { "start": { "line": 250, "column": 4 }, "end": { "line": 250, "column": 17 } },
        "loc": { "start": { "line": 250, "column": 17 }, "end": { "line": 250, "column": null } },
        "line": 250
      },
      "23": {
        "name": "subscribe",
        "decl": { "start": { "line": 253, "column": 2 }, "end": { "line": 253, "column": 12 } },
        "loc": { "start": { "line": 253, "column": 58 }, "end": { "line": 255, "column": null } },
        "line": 253
      },
      "24": {
        "name": "settled",
        "decl": { "start": { "line": 257, "column": 2 }, "end": { "line": 257, "column": 27 } },
        "loc": { "start": { "line": 257, "column": 27 }, "end": { "line": 264, "column": null } },
        "line": 257
      },
      "25": {
        "name": "(anonymous_25)",
        "decl": { "start": { "line": 261, "column": 15 }, "end": { "line": 261, "column": 24 } },
        "loc": { "start": { "line": 261, "column": 36 }, "end": { "line": 263, "column": 5 } },
        "line": 261
      },
      "26": {
        "name": "send",
        "decl": { "start": { "line": 266, "column": 2 }, "end": { "line": 266, "column": 7 } },
        "loc": { "start": { "line": 266, "column": 77 }, "end": { "line": 299, "column": null } },
        "line": 266
      },
      "27": {
        "name": "(anonymous_27)",
        "decl": { "start": { "line": 301, "column": 2 }, "end": { "line": 301, "column": null } },
        "loc": { "start": { "line": 304, "column": 10 }, "end": { "line": 329, "column": null } },
        "line": 304
      },
      "28": {
        "name": "(anonymous_28)",
        "decl": { "start": { "line": 318, "column": 10 }, "end": { "line": 318, "column": 17 } },
        "loc": { "start": { "line": 318, "column": 63 }, "end": { "line": 318, "column": null } },
        "line": 318
      },
      "29": {
        "name": "(anonymous_29)",
        "decl": { "start": { "line": 331, "column": 2 }, "end": { "line": 331, "column": 32 } },
        "loc": { "start": { "line": 331, "column": 32 }, "end": { "line": 351, "column": null } },
        "line": 331
      },
      "30": {
        "name": "(anonymous_30)",
        "decl": { "start": { "line": 336, "column": 32 }, "end": { "line": 336, "column": 38 } },
        "loc": { "start": { "line": 336, "column": 44 }, "end": { "line": 336, "column": 61 } },
        "line": 336
      },
      "31": {
        "name": "snapshot",
        "decl": { "start": { "line": 353, "column": 2 }, "end": { "line": 353, "column": 23 } },
        "loc": { "start": { "line": 353, "column": 23 }, "end": { "line": 355, "column": null } },
        "line": 353
      },
      "32": {
        "name": "(anonymous_32)",
        "decl": { "start": { "line": 357, "column": 2 }, "end": { "line": 357, "column": 12 } },
        "loc": { "start": { "line": 357, "column": 38 }, "end": { "line": 399, "column": null } },
        "line": 357
      },
      "33": {
        "name": "resolveInitial",
        "decl": { "start": { "line": 418, "column": 9 }, "end": { "line": 418, "column": null } },
        "loc": { "start": { "line": 420, "column": 89 }, "end": { "line": 431, "column": null } },
        "line": 420
      }
    },
    "branchMap": {
      "0": {
        "loc": { "start": { "line": 189, "column": 17 }, "end": { "line": 189, "column": null } },
        "type": "binary-expr",
        "locations": [
          { "start": { "line": 189, "column": 17 }, "end": { "line": 189, "column": 34 } },
          { "start": { "line": 189, "column": 34 }, "end": { "line": 189, "column": null } }
        ],
        "line": 189
      },
      "1": {
        "loc": { "start": { "line": 190, "column": 4 }, "end": { "line": 192, "column": null } },
        "type": "if",
        "locations": [
          { "start": { "line": 190, "column": 4 }, "end": { "line": 192, "column": null } },
          { "start": {}, "end": {} }
        ],
        "line": 190
      },
      "2": {
        "loc": { "start": { "line": 200, "column": 4 }, "end": { "line": 206, "column": null } },
        "type": "if",
        "locations": [
          { "start": { "line": 200, "column": 4 }, "end": { "line": 206, "column": null } },
          { "start": {}, "end": {} }
        ],
        "line": 200
      },
      "3": {
        "loc": { "start": { "line": 200, "column": 8 }, "end": { "line": 200, "column": 50 } },
        "type": "binary-expr",
        "locations": [
          { "start": { "line": 200, "column": 8 }, "end": { "line": 200, "column": 20 } },
          { "start": { "line": 200, "column": 20 }, "end": { "line": 200, "column": 50 } }
        ],
        "line": 200
      },
      "4": {
        "loc": { "start": { "line": 202, "column": 8 }, "end": { "line": 204, "column": null } },
        "type": "if",
        "locations": [
          { "start": { "line": 202, "column": 8 }, "end": { "line": 204, "column": null } },
          { "start": {}, "end": {} }
        ],
        "line": 202
      },
      "5": {
        "loc": { "start": { "line": 210, "column": 4 }, "end": { "line": 218, "column": null } },
        "type": "if",
        "locations": [
          { "start": { "line": 210, "column": 4 }, "end": { "line": 218, "column": null } },
          { "start": {}, "end": {} }
        ],
        "line": 210
      },
      "6": {
        "loc": { "start": { "line": 213, "column": 8 }, "end": { "line": 216, "column": null } },
        "type": "if",
        "locations": [
          { "start": { "line": 213, "column": 8 }, "end": { "line": 216, "column": null } },
          { "start": {}, "end": {} }
        ],
        "line": 213
      },
      "7": {
        "loc": { "start": { "line": 228, "column": 4 }, "end": { "line": 235, "column": null } },
        "type": "if",
        "locations": [
          { "start": { "line": 228, "column": 4 }, "end": { "line": 235, "column": null } },
          { "start": {}, "end": {} }
        ],
        "line": 228
      },
      "8": {
        "loc": { "start": { "line": 236, "column": 4 }, "end": { "line": 242, "column": null } },
        "type": "if",
        "locations": [
          { "start": { "line": 236, "column": 4 }, "end": { "line": 242, "column": null } },
          { "start": {}, "end": {} }
        ],
        "line": 236
      },
      "9": {
        "loc": { "start": { "line": 243, "column": 4 }, "end": { "line": 249, "column": null } },
        "type": "if",
        "locations": [
          { "start": { "line": 243, "column": 4 }, "end": { "line": 249, "column": null } },
          { "start": {}, "end": {} }
        ],
        "line": 243
      },
      "10": {
        "loc": { "start": { "line": 258, "column": 4 }, "end": { "line": 260, "column": null } },
        "type": "if",
        "locations": [
          { "start": { "line": 258, "column": 4 }, "end": { "line": 260, "column": null } },
          { "start": {}, "end": {} }
        ],
        "line": 258
      },
      "11": {
        "loc": { "start": { "line": 258, "column": 8 }, "end": { "line": 258, "column": 63 } },
        "type": "binary-expr",
        "locations": [
          { "start": { "line": 258, "column": 8 }, "end": { "line": 258, "column": 44 } },
          { "start": { "line": 258, "column": 44 }, "end": { "line": 258, "column": 63 } }
        ],
        "line": 258
      },
      "12": {
        "loc": { "start": { "line": 271, "column": 4 }, "end": { "line": 298, "column": null } },
        "type": "if",
        "locations": [
          { "start": { "line": 271, "column": 4 }, "end": { "line": 298, "column": null } },
          { "start": {}, "end": {} }
        ],
        "line": 271
      },
      "13": {
        "loc": { "start": { "line": 274, "column": 6 }, "end": { "line": 292, "column": null } },
        "type": "if",
        "locations": [
          { "start": { "line": 274, "column": 6 }, "end": { "line": 292, "column": null } },
          { "start": {}, "end": {} }
        ],
        "line": 274
      },
      "14": {
        "loc": { "start": { "line": 277, "column": 8 }, "end": { "line": 282, "column": null } },
        "type": "if",
        "locations": [
          { "start": { "line": 277, "column": 8 }, "end": { "line": 282, "column": null } },
          { "start": { "line": 280, "column": 15 }, "end": { "line": 282, "column": null } }
        ],
        "line": 277
      },
      "15": {
        "loc": { "start": { "line": 287, "column": 8 }, "end": { "line": 291, "column": null } },
        "type": "if",
        "locations": [
          { "start": { "line": 287, "column": 8 }, "end": { "line": 291, "column": null } },
          { "start": {}, "end": {} }
        ],
        "line": 287
      },
      "16": {
        "loc": { "start": { "line": 294, "column": 6 }, "end": { "line": 297, "column": null } },
        "type": "if",
        "locations": [
          { "start": { "line": 294, "column": 6 }, "end": { "line": 297, "column": null } },
          { "start": {}, "end": {} }
        ],
        "line": 294
      },
      "17": {
        "loc": { "start": { "line": 307, "column": 4 }, "end": { "line": 307, "column": null } },
        "type": "if",
        "locations": [
          { "start": { "line": 307, "column": 4 }, "end": { "line": 307, "column": null } },
          { "start": {}, "end": {} }
        ],
        "line": 307
      },
      "18": {
        "loc": { "start": { "line": 332, "column": 4 }, "end": { "line": 332, "column": null } },
        "type": "if",
        "locations": [
          { "start": { "line": 332, "column": 4 }, "end": { "line": 332, "column": null } },
          { "start": {}, "end": {} }
        ],
        "line": 332
      },
      "19": {
        "loc": { "start": { "line": 336, "column": 6 }, "end": { "line": 340, "column": null } },
        "type": "if",
        "locations": [
          { "start": { "line": 336, "column": 6 }, "end": { "line": 340, "column": null } },
          { "start": { "line": 338, "column": 13 }, "end": { "line": 340, "column": null } }
        ],
        "line": 336
      },
      "20": {
        "loc": { "start": { "line": 338, "column": 13 }, "end": { "line": 340, "column": null } },
        "type": "if",
        "locations": [
          { "start": { "line": 338, "column": 13 }, "end": { "line": 340, "column": null } },
          { "start": {}, "end": {} }
        ],
        "line": 338
      },
      "21": {
        "loc": { "start": { "line": 345, "column": 4 }, "end": { "line": 350, "column": null } },
        "type": "if",
        "locations": [
          { "start": { "line": 345, "column": 4 }, "end": { "line": 350, "column": null } },
          { "start": {}, "end": {} }
        ],
        "line": 345
      },
      "22": {
        "loc": { "start": { "line": 345, "column": 8 }, "end": { "line": 345, "column": 79 } },
        "type": "binary-expr",
        "locations": [
          { "start": { "line": 345, "column": 8 }, "end": { "line": 345, "column": 44 } },
          { "start": { "line": 345, "column": 44 }, "end": { "line": 345, "column": 79 } }
        ],
        "line": 345
      },
      "23": {
        "loc": { "start": { "line": 361, "column": 4 }, "end": { "line": 369, "column": null } },
        "type": "if",
        "locations": [
          { "start": { "line": 361, "column": 4 }, "end": { "line": 369, "column": null } },
          { "start": {}, "end": {} }
        ],
        "line": 361
      },
      "24": {
        "loc": { "start": { "line": 364, "column": 23 }, "end": { "line": 364, "column": null } },
        "type": "binary-expr",
        "locations": [
          { "start": { "line": 364, "column": 23 }, "end": { "line": 364, "column": 53 } },
          { "start": { "line": 364, "column": 53 }, "end": { "line": 364, "column": null } }
        ],
        "line": 364
      },
      "25": {
        "loc": { "start": { "line": 365, "column": 8 }, "end": { "line": 367, "column": null } },
        "type": "if",
        "locations": [
          { "start": { "line": 365, "column": 8 }, "end": { "line": 367, "column": null } },
          { "start": {}, "end": {} }
        ],
        "line": 365
      },
      "26": {
        "loc": { "start": { "line": 373, "column": 4 }, "end": { "line": 375, "column": null } },
        "type": "if",
        "locations": [
          { "start": { "line": 373, "column": 4 }, "end": { "line": 375, "column": null } },
          { "start": {}, "end": {} }
        ],
        "line": 373
      },
      "27": {
        "loc": { "start": { "line": 379, "column": 4 }, "end": { "line": 396, "column": null } },
        "type": "if",
        "locations": [
          { "start": { "line": 379, "column": 4 }, "end": { "line": 396, "column": null } },
          { "start": {}, "end": {} }
        ],
        "line": 379
      },
      "28": {
        "loc": { "start": { "line": 379, "column": 8 }, "end": { "line": 379, "column": 50 } },
        "type": "binary-expr",
        "locations": [
          { "start": { "line": 379, "column": 8 }, "end": { "line": 379, "column": 20 } },
          { "start": { "line": 379, "column": 20 }, "end": { "line": 379, "column": 50 } }
        ],
        "line": 379
      },
      "29": {
        "loc": { "start": { "line": 383, "column": 8 }, "end": { "line": 391, "column": null } },
        "type": "if",
        "locations": [
          { "start": { "line": 383, "column": 8 }, "end": { "line": 391, "column": null } },
          { "start": {}, "end": {} }
        ],
        "line": 383
      },
      "30": {
        "loc": { "start": { "line": 388, "column": 10 }, "end": { "line": 390, "column": null } },
        "type": "if",
        "locations": [
          { "start": { "line": 388, "column": 10 }, "end": { "line": 390, "column": null } },
          { "start": {}, "end": {} }
        ],
        "line": 388
      },
      "31": {
        "loc": { "start": { "line": 393, "column": 6 }, "end": { "line": 395, "column": null } },
        "type": "if",
        "locations": [
          { "start": { "line": 393, "column": 6 }, "end": { "line": 395, "column": null } },
          { "start": {}, "end": {} }
        ],
        "line": 393
      },
      "32": {
        "loc": { "start": { "line": 421, "column": 2 }, "end": { "line": 425, "column": null } },
        "type": "if",
        "locations": [
          { "start": { "line": 421, "column": 2 }, "end": { "line": 425, "column": null } },
          { "start": {}, "end": {} }
        ],
        "line": 421
      },
      "33": {
        "loc": { "start": { "line": 427, "column": 4 }, "end": { "line": 429, "column": null } },
        "type": "cond-expr",
        "locations": [
          { "start": { "line": 428, "column": 8 }, "end": { "line": 428, "column": null } },
          { "start": { "line": 429, "column": 8 }, "end": { "line": 429, "column": null } }
        ],
        "line": 427
      },
      "34": {
        "loc": { "start": { "line": 427, "column": 4 }, "end": { "line": 427, "column": null } },
        "type": "binary-expr",
        "locations": [
          { "start": { "line": 427, "column": 4 }, "end": { "line": 427, "column": 35 } },
          { "start": { "line": 427, "column": 35 }, "end": { "line": 427, "column": 55 } },
          { "start": { "line": 427, "column": 55 }, "end": { "line": 427, "column": null } }
        ],
        "line": 427
      }
    },
    "s": {
      "0": 76,
      "1": 1,
      "2": 1,
      "3": 1,
      "4": 25,
      "5": 25,
      "6": 25,
      "7": 25,
      "8": 7,
      "9": 29,
      "10": 29,
      "11": 29,
      "12": 15,
      "13": 39,
      "14": 39,
      "15": 34,
      "16": 5,
      "17": 39,
      "18": 20,
      "19": 39,
      "20": 20,
      "21": 39,
      "22": 14,
      "23": 10,
      "24": 86,
      "25": 86,
      "26": 86,
      "27": 86,
      "28": 86,
      "29": 86,
      "30": 86,
      "31": 86,
      "32": 86,
      "33": 86,
      "34": 86,
      "35": 17,
      "36": 13,
      "37": 2,
      "38": 2,
      "39": 86,
      "40": 86,
      "41": 86,
      "42": 10,
      "43": 18,
      "44": 86,
      "45": 86,
      "46": 86,
      "47": 86,
      "48": 86,
      "49": 86,
      "50": 11,
      "51": 11,
      "52": 9,
      "53": 91,
      "54": 5,
      "55": 6,
      "56": 6,
      "57": 5,
      "58": 5,
      "59": 8,
      "60": 3,
      "61": 3,
      "62": 3,
      "63": 3,
      "64": 1,
      "65": 5,
      "66": 2,
      "67": 2,
      "68": 2,
      "69": 1,
      "70": 3,
      "71": 2,
      "72": 2,
      "73": 2,
      "74": 1,
      "75": 1,
      "76": 3,
      "77": 7,
      "78": 5,
      "79": 2,
      "80": 2,
      "81": 64,
      "82": 64,
      "83": 63,
      "84": 63,
      "85": 50,
      "86": 50,
      "87": 20,
      "88": 20,
      "89": 30,
      "90": 50,
      "91": 50,
      "92": 1,
      "93": 50,
      "94": 3,
      "95": 2,
      "96": 63,
      "97": 9,
      "98": 9,
      "99": 50,
      "100": 50,
      "101": 32,
      "102": 18,
      "103": 18,
      "104": 18,
      "105": 19,
      "106": 19,
      "107": 9,
      "108": 2,
      "109": 2,
      "110": 18,
      "111": 47,
      "112": 4,
      "113": 43,
      "114": 43,
      "115": 21,
      "116": 21,
      "117": 29,
      "118": 18,
      "119": 3,
      "120": 2,
      "121": 43,
      "122": 43,
      "123": 43,
      "124": 43,
      "125": 2,
      "126": 2,
      "127": 2,
      "128": 20,
      "129": 25,
      "130": 25,
      "131": 25,
      "132": 5,
      "133": 6,
      "134": 6,
      "135": 6,
      "136": 5,
      "137": 25,
      "138": 25,
      "139": 1,
      "140": 25,
      "141": 25,
      "142": 6,
      "143": 6,
      "144": 6,
      "145": 6,
      "146": 4,
      "147": 4,
      "148": 4,
      "149": 4,
      "150": 3,
      "151": 6,
      "152": 3,
      "153": 25,
      "154": 86,
      "155": 1,
      "156": 85,
      "157": 86
    },
    "f": {
      "0": 1,
      "1": 1,
      "2": 1,
      "3": 7,
      "4": 29,
      "5": 15,
      "6": 39,
      "7": 34,
      "8": 5,
      "9": 14,
      "10": 10,
      "11": 17,
      "12": 13,
      "13": 2,
      "14": 2,
      "15": 86,
      "16": 18,
      "17": 91,
      "18": 8,
      "19": 1,
      "20": 1,
      "21": 1,
      "22": 2,
      "23": 3,
      "24": 7,
      "25": 2,
      "26": 64,
      "27": 50,
      "28": 9,
      "29": 47,
      "30": 29,
      "31": 20,
      "32": 25,
      "33": 86
    },
    "b": {
      "0": [86, 76],
      "1": [10, 76],
      "2": [11, 75],
      "3": [86, 11],
      "4": [9, 2],
      "5": [5, 86],
      "6": [5, 1],
      "7": [3, 5],
      "8": [2, 3],
      "9": [2, 1],
      "10": [5, 2],
      "11": [7, 5],
      "12": [63, 1],
      "13": [50, 13],
      "14": [20, 30],
      "15": [3, 47],
      "16": [9, 54],
      "17": [32, 18],
      "18": [4, 43],
      "19": [18, 3],
      "20": [2, 1],
      "21": [2, 41],
      "22": [43, 43],
      "23": [5, 20],
      "24": [6, 1],
      "25": [5, 1],
      "26": [1, 24],
      "27": [6, 19],
      "28": [25, 6],
      "29": [4, 2],
      "30": [3, 1],
      "31": [3, 3],
      "32": [1, 85],
      "33": [1, 84],
      "34": [85, 85, 85]
    },
    "meta": {
      "lastBranch": 35,
      "lastFunction": 34,
      "lastStatement": 158,
      "seen": {
        "s:20:11:20:Infinity": 0,
        "f:22:2:22:16": 0,
        "s:23:4:23:Infinity": 1,
        "f:26:2:26:13": 1,
        "s:28:4:28:Infinity": 2,
        "f:31:2:31:15": 2,
        "s:32:4:32:Infinity": 3,
        "s:37:9:37:Infinity": 4,
        "s:38:63:38:Infinity": 5,
        "s:39:12:39:Infinity": 6,
        "s:40:32:40:Infinity": 7,
        "f:42:2:42:16": 3,
        "s:43:4:43:Infinity": 8,
        "f:46:2:46:13": 4,
        "s:47:15:47:Infinity": 9,
        "s:48:4:48:Infinity": 10,
        "s:49:4:49:Infinity": 11,
        "f:52:2:52:15": 5,
        "s:53:4:53:Infinity": 12,
        "f:56:2:56:10": 6,
        "s:57:4:57:Infinity": 13,
        "s:58:16:60:Infinity": 14,
        "f:59:7:59:15": 7,
        "s:59:25:59:48": 15,
        "f:60:7:60:13": 8,
        "s:60:22:60:51": 16,
        "s:61:4:63:Infinity": 17,
        "s:62:6:62:Infinity": 18,
        "s:64:4:66:Infinity": 19,
        "s:65:6:65:Infinity": 20,
        "s:67:4:67:Infinity": 21,
        "f:70:2:70:24": 9,
        "s:71:4:71:Infinity": 22,
        "f:75:2:75:12": 10,
        "s:76:4:76:Infinity": 23,
        "s:115:43:115:Infinity": 24,
        "s:116:37:116:Infinity": 25,
        "s:117:66:117:Infinity": 26,
        "s:118:16:118:Infinity": 27,
        "s:119:41:119:Infinity": 28,
        "s:120:85:120:Infinity": 29,
        "s:121:16:121:Infinity": 30,
        "s:122:52:122:Infinity": 31,
        "s:123:53:123:Infinity": 32,
        "s:124:38:124:Infinity": 33,
        "s:125:41:125:Infinity": 34,
        "f:127:23:127:59": 11,
        "s:128:4:128:Infinity": 35,
        "f:130:23:130:Infinity": 12,
        "s:133:4:133:Infinity": 36,
        "f:135:19:135:34": 13,
        "s:136:4:136:Infinity": 37,
        "f:138:19:138:43": 14,
        "s:139:4:139:Infinity": 38,
        "f:165:2:165:14": 15,
        "s:188:4:188:Infinity": 39,
        "s:189:4:189:Infinity": 40,
        "b:189:17:189:34:189:34:189:Infinity": 0,
        "b:190:4:192:Infinity:undefined:undefined:undefined:undefined": 1,
        "s:190:4:192:Infinity": 41,
        "s:191:6:191:Infinity": 42,
        "f:191:17:191:33": 16,
        "s:191:33:191:61": 43,
        "s:193:17:193:Infinity": 44,
        "s:194:4:194:Infinity": 45,
        "s:195:4:195:Infinity": 46,
        "s:196:4:196:Infinity": 47,
        "s:199:21:199:Infinity": 48,
        "b:200:4:206:Infinity:undefined:undefined:undefined:undefined": 2,
        "s:200:4:206:Infinity": 49,
        "b:200:8:200:20:200:20:200:50": 3,
        "s:201:6:205:Infinity": 50,
        "b:202:8:204:Infinity:undefined:undefined:undefined:undefined": 4,
        "s:202:8:204:Infinity": 51,
        "s:203:10:203:Infinity": 52,
        "f:209:2:209:19": 17,
        "b:210:4:218:Infinity:undefined:undefined:undefined:undefined": 5,
        "s:210:4:218:Infinity": 53,
        "s:211:6:217:Infinity": 54,
        "s:212:24:212:Infinity": 55,
        "b:213:8:216:Infinity:undefined:undefined:undefined:undefined": 6,
        "s:213:8:216:Infinity": 56,
        "s:214:10:214:Infinity": 57,
        "s:215:10:215:Infinity": 58,
        "f:224:2:224:Infinity": 18,
        "b:228:4:235:Infinity:undefined:undefined:undefined:undefined": 7,
        "s:228:4:235:Infinity": 59,
        "s:229:17:229:Infinity": 60,
        "s:230:6:230:Infinity": 61,
        "s:231:6:231:Infinity": 62,
        "s:232:6:234:Infinity": 63,
        "f:232:6:232:19": 19,
        "s:233:8:233:Infinity": 64,
        "b:236:4:242:Infinity:undefined:undefined:undefined:undefined": 8,
        "s:236:4:242:Infinity": 65,
        "s:237:17:237:Infinity": 66,
        "s:238:6:238:Infinity": 67,
        "s:239:6:241:Infinity": 68,
        "f:239:6:239:19": 20,
        "s:240:8:240:Infinity": 69,
        "b:243:4:249:Infinity:undefined:undefined:undefined:undefined": 9,
        "s:243:4:249:Infinity": 70,
        "s:244:17:244:Infinity": 71,
        "s:245:6:245:Infinity": 72,
        "s:246:6:248:Infinity": 73,
        "f:246:6:246:19": 21,
        "s:247:8:247:Infinity": 74,
        "s:250:4:250:Infinity": 75,
        "f:250:4:250:17": 22,
        "f:253:2:253:12": 23,
        "s:254:4:254:Infinity": 76,
        "f:257:2:257:27": 24,
        "b:258:4:260:Infinity:undefined:undefined:undefined:undefined": 10,
        "s:258:4:260:Infinity": 77,
        "b:258:8:258:44:258:44:258:63": 11,
        "s:259:6:259:Infinity": 78,
        "s:261:4:263:Infinity": 79,
        "f:261:15:261:24": 25,
        "s:262:6:262:Infinity": 80,
        "f:266:2:266:7": 26,
        "s:269:6:269:Infinity": 81,
        "b:271:4:298:Infinity:undefined:undefined:undefined:undefined": 12,
        "s:271:4:298:Infinity": 82,
        "s:272:19:272:Infinity": 83,
        "b:274:6:292:Infinity:undefined:undefined:undefined:undefined": 13,
        "s:274:6:292:Infinity": 84,
        "s:275:8:275:Infinity": 85,
        "b:277:8:282:Infinity:280:15:282:Infinity": 14,
        "s:277:8:282:Infinity": 86,
        "s:278:10:278:Infinity": 87,
        "s:279:10:279:Infinity": 88,
        "s:281:10:281:Infinity": 89,
        "s:283:8:283:Infinity": 90,
        "s:284:8:286:Infinity": 91,
        "s:285:10:285:Infinity": 92,
        "b:287:8:291:Infinity:undefined:undefined:undefined:undefined": 15,
        "s:287:8:291:Infinity": 93,
        "s:288:10:290:Infinity": 94,
        "s:289:12:289:Infinity": 95,
        "b:294:6:297:Infinity:undefined:undefined:undefined:undefined": 16,
        "s:294:6:297:Infinity": 96,
        "s:295:8:295:Infinity": 97,
        "s:296:8:296:Infinity": 98,
        "f:301:2:301:Infinity": 27,
        "s:306:20:306:Infinity": 99,
        "b:307:4:307:Infinity:undefined:undefined:undefined:undefined": 17,
        "s:307:4:307:Infinity": 100,
        "s:307:18:307:Infinity": 101,
        "s:309:18:309:Infinity": 102,
        "s:310:4:310:Infinity": 103,
        "s:311:4:326:Infinity": 104,
        "s:312:6:325:Infinity": 105,
        "s:313:8:320:Infinity": 106,
        "f:318:10:318:17": 28,
        "s:318:63:318:Infinity": 107,
        "s:322:8:324:Infinity": 108,
        "s:323:10:323:Infinity": 109,
        "s:328:4:328:Infinity": 110,
        "f:331:2:331:32": 29,
        "b:332:4:332:Infinity:undefined:undefined:undefined:undefined": 18,
        "s:332:4:332:Infinity": 111,
        "s:332:26:332:Infinity": 112,
        "s:333:4:333:Infinity": 113,
        "s:334:4:341:Infinity": 114,
        "s:335:20:335:Infinity": 115,
        "b:336:6:340:Infinity:338:13:340:Infinity": 19,
        "s:336:6:340:Infinity": 116,
        "f:336:32:336:38": 30,
        "s:336:44:336:61": 117,
        "s:337:8:337:Infinity": 118,
        "b:338:13:340:Infinity:undefined:undefined:undefined:undefined": 20,
        "s:338:13:340:Infinity": 119,
        "s:339:8:339:Infinity": 120,
        "s:342:4:342:Infinity": 121,
        "s:343:4:343:Infinity": 122,
        "s:344:4:344:Infinity": 123,
        "b:345:4:350:Infinity:undefined:undefined:undefined:undefined": 21,
        "s:345:4:350:Infinity": 124,
        "b:345:8:345:44:345:44:345:79": 22,
        "s:346:24:346:Infinity": 125,
        "s:347:6:349:Infinity": 126,
        "s:348:8:348:Infinity": 127,
        "f:353:2:353:23": 31,
        "s:354:4:354:Infinity": 128,
        "f:357:2:357:12": 32,
        "s:358:17:358:Infinity": 129,
        "s:359:46:359:Infinity": 130,
        "b:361:4:369:Infinity:undefined:undefined:undefined:undefined": 23,
        "s:361:4:369:Infinity": 131,
        "s:362:6:368:Infinity": 132,
        "s:363:20:363:Infinity": 133,
        "s:364:23:364:Infinity": 134,
        "b:364:23:364:53:364:53:364:Infinity": 24,
        "b:365:8:367:Infinity:undefined:undefined:undefined:undefined": 25,
        "s:365:8:367:Infinity": 135,
        "s:366:10:366:Infinity": 136,
        "s:371:27:371:Infinity": 137,
        "b:373:4:375:Infinity:undefined:undefined:undefined:undefined": 26,
        "s:373:4:375:Infinity": 138,
        "s:374:6:374:Infinity": 139,
        "s:378:21:378:Infinity": 140,
        "b:379:4:396:Infinity:undefined:undefined:undefined:undefined": 27,
        "s:379:4:396:Infinity": 141,
        "b:379:8:379:20:379:20:379:50": 28,
        "s:380:27:380:Infinity": 142,
        "s:381:69:381:Infinity": 143,
        "s:382:6:392:Infinity": 144,
        "b:383:8:391:Infinity:undefined:undefined:undefined:undefined": 29,
        "s:383:8:391:Infinity": 145,
        "s:384:56:384:Infinity": 146,
        "s:385:10:387:Infinity": 147,
        "s:386:12:386:Infinity": 148,
        "b:388:10:390:Infinity:undefined:undefined:undefined:undefined": 30,
        "s:388:10:390:Infinity": 149,
        "s:389:12:389:Infinity": 150,
        "b:393:6:395:Infinity:undefined:undefined:undefined:undefined": 31,
        "s:393:6:395:Infinity": 151,
        "s:394:8:394:Infinity": 152,
        "s:398:4:398:Infinity": 153,
        "f:418:9:418:Infinity": 33,
        "b:421:2:425:Infinity:undefined:undefined:undefined:undefined": 32,
        "s:421:2:425:Infinity": 154,
        "s:422:4:422:Infinity": 155,
        "s:427:4:429:Infinity": 156,
        "b:428:8:428:Infinity:429:8:429:Infinity": 33,
        "b:427:4:427:35:427:35:427:55:427:55:427:Infinity": 34,
        "s:430:2:430:Infinity": 157
      }
    }
  },
  "/Users/anders/git/mantaq/packages/core/src/event.ts": {
    "path": "/Users/anders/git/mantaq/packages/core/src/event.ts",
    "statementMap": {
      "0": { "start": { "line": 2, "column": 2 }, "end": { "line": 4, "column": null } },
      "1": { "start": { "line": 3, "column": 4 }, "end": { "line": 3, "column": null } },
      "2": { "start": { "line": 14, "column": 4 }, "end": { "line": 14, "column": null } },
      "3": { "start": { "line": 18, "column": 4 }, "end": { "line": 18, "column": null } },
      "4": { "start": { "line": 22, "column": 4 }, "end": { "line": 22, "column": null } }
    },
    "fnMap": {
      "0": {
        "name": "event",
        "decl": { "start": { "line": 1, "column": 16 }, "end": { "line": 1, "column": 46 } },
        "loc": { "start": { "line": 1, "column": 53 }, "end": { "line": 5, "column": null } },
        "line": 1
      },
      "1": {
        "name": "(anonymous_1)",
        "decl": { "start": { "line": 2, "column": 2 }, "end": { "line": 2, "column": 24 } },
        "loc": { "start": { "line": 2, "column": 24 }, "end": { "line": 4, "column": null } },
        "line": 2
      },
      "2": {
        "name": "constructor",
        "decl": { "start": { "line": 13, "column": 2 }, "end": { "line": 13, "column": 14 } },
        "loc": { "start": { "line": 13, "column": 21 }, "end": { "line": 15, "column": null } },
        "line": 13
      },
      "3": {
        "name": "is",
        "decl": { "start": { "line": 17, "column": 2 }, "end": { "line": 17, "column": 5 } },
        "loc": { "start": { "line": 17, "column": 53 }, "end": { "line": 19, "column": null } },
        "line": 17
      },
      "4": {
        "name": "create",
        "decl": { "start": { "line": 21, "column": 2 }, "end": { "line": 21, "column": 9 } },
        "loc": { "start": { "line": 21, "column": 53 }, "end": { "line": 23, "column": null } },
        "line": 21
      }
    },
    "branchMap": {
      "0": {
        "loc": { "start": { "line": 18, "column": 11 }, "end": { "line": 18, "column": null } },
        "type": "binary-expr",
        "locations": [
          { "start": { "line": 18, "column": 11 }, "end": { "line": 18, "column": 23 } },
          { "start": { "line": 18, "column": 23 }, "end": { "line": 18, "column": null } }
        ],
        "line": 18
      }
    },
    "s": { "0": 133, "1": 133, "2": 134, "3": 4, "4": 42 },
    "f": { "0": 133, "1": 133, "2": 134, "3": 4, "4": 42 },
    "b": { "0": [4, 2] },
    "meta": {
      "lastBranch": 1,
      "lastFunction": 5,
      "lastStatement": 5,
      "seen": {
        "f:1:16:1:46": 0,
        "s:2:2:4:Infinity": 0,
        "f:2:2:2:24": 1,
        "s:3:4:3:Infinity": 1,
        "f:13:2:13:14": 2,
        "s:14:4:14:Infinity": 2,
        "f:17:2:17:5": 3,
        "s:18:4:18:Infinity": 3,
        "b:18:11:18:23:18:23:18:Infinity": 0,
        "f:21:2:21:9": 4,
        "s:22:4:22:Infinity": 4
      }
    }
  },
  "/Users/anders/git/mantaq/packages/core/src/index.ts": {
    "path": "/Users/anders/git/mantaq/packages/core/src/index.ts",
    "statementMap": {},
    "fnMap": {},
    "branchMap": {},
    "s": {},
    "f": {},
    "b": {},
    "meta": { "lastBranch": 0, "lastFunction": 0, "lastStatement": 0, "seen": {} }
  },
  "/Users/anders/git/mantaq/packages/core/src/state.ts": {
    "path": "/Users/anders/git/mantaq/packages/core/src/state.ts",
    "statementMap": {
      "0": { "start": { "line": 4, "column": 2 }, "end": { "line": 4, "column": null } },
      "1": { "start": { "line": 4, "column": 34 }, "end": { "line": 4, "column": null } },
      "2": { "start": { "line": 24, "column": 12 }, "end": { "line": 24, "column": null } },
      "3": { "start": { "line": 28, "column": 4 }, "end": { "line": 28, "column": null } },
      "4": { "start": { "line": 32, "column": 4 }, "end": { "line": 32, "column": null } },
      "5": { "start": { "line": 39, "column": 4 }, "end": { "line": 39, "column": null } },
      "6": { "start": { "line": 40, "column": 4 }, "end": { "line": 40, "column": null } },
      "7": { "start": { "line": 44, "column": 4 }, "end": { "line": 44, "column": null } },
      "8": { "start": { "line": 45, "column": 4 }, "end": { "line": 45, "column": null } },
      "9": { "start": { "line": 55, "column": 4 }, "end": { "line": 55, "column": null } },
      "10": { "start": { "line": 56, "column": 4 }, "end": { "line": 56, "column": null } },
      "11": { "start": { "line": 57, "column": 4 }, "end": { "line": 57, "column": null } }
    },
    "fnMap": {
      "0": {
        "name": "state",
        "decl": { "start": { "line": 3, "column": 16 }, "end": { "line": 3, "column": 46 } },
        "loc": { "start": { "line": 3, "column": 53 }, "end": { "line": 5, "column": null } },
        "line": 3
      },
      "1": {
        "name": "(anonymous_1)",
        "decl": { "start": { "line": 4, "column": 2 }, "end": { "line": 4, "column": 34 } },
        "loc": { "start": { "line": 4, "column": 34 }, "end": { "line": 4, "column": null } },
        "line": 4
      },
      "2": {
        "name": "constructor",
        "decl": { "start": { "line": 27, "column": 2 }, "end": { "line": 27, "column": 14 } },
        "loc": { "start": { "line": 27, "column": 23 }, "end": { "line": 29, "column": null } },
        "line": 27
      },
      "3": {
        "name": "create",
        "decl": { "start": { "line": 31, "column": 2 }, "end": { "line": 31, "column": 28 } },
        "loc": { "start": { "line": 31, "column": 63 }, "end": { "line": 33, "column": null } },
        "line": 31
      },
      "4": {
        "name": "regions",
        "decl": { "start": { "line": 35, "column": 2 }, "end": { "line": 35, "column": null } },
        "loc": { "start": { "line": 38, "column": 55 }, "end": { "line": 41, "column": null } },
        "line": 38
      },
      "5": {
        "name": "final",
        "decl": { "start": { "line": 43, "column": 2 }, "end": { "line": 43, "column": 10 } },
        "loc": { "start": { "line": 43, "column": 10 }, "end": { "line": 46, "column": null } },
        "line": 43
      },
      "6": {
        "name": "constructor",
        "decl": { "start": { "line": 54, "column": 2 }, "end": { "line": 54, "column": 14 } },
        "loc": { "start": { "line": 54, "column": 64 }, "end": { "line": 58, "column": null } },
        "line": 54
      }
    },
    "branchMap": {},
    "s": {
      "0": 171,
      "1": 171,
      "2": 171,
      "3": 171,
      "4": 21,
      "5": 7,
      "6": 7,
      "7": 7,
      "8": 7,
      "9": 21,
      "10": 21,
      "11": 21
    },
    "f": { "0": 171, "1": 171, "2": 171, "3": 21, "4": 7, "5": 7, "6": 21 },
    "b": {},
    "meta": {
      "lastBranch": 0,
      "lastFunction": 7,
      "lastStatement": 12,
      "seen": {
        "f:3:16:3:46": 0,
        "s:4:2:4:Infinity": 0,
        "f:4:2:4:34": 1,
        "s:4:34:4:Infinity": 1,
        "s:24:12:24:Infinity": 2,
        "f:27:2:27:14": 2,
        "s:28:4:28:Infinity": 3,
        "f:31:2:31:28": 3,
        "s:32:4:32:Infinity": 4,
        "f:35:2:35:Infinity": 4,
        "s:39:4:39:Infinity": 5,
        "s:40:4:40:Infinity": 6,
        "f:43:2:43:10": 5,
        "s:44:4:44:Infinity": 7,
        "s:45:4:45:Infinity": 8,
        "f:54:2:54:14": 6,
        "s:55:4:55:Infinity": 9,
        "s:56:4:56:Infinity": 10,
        "s:57:4:57:Infinity": 11
      }
    }
  },
  "/Users/anders/git/mantaq/packages/utils/src/index.ts": {
    "path": "/Users/anders/git/mantaq/packages/utils/src/index.ts",
    "statementMap": {
      "0": { "start": { "line": 2, "column": 2 }, "end": { "line": 2, "column": null } }
    },
    "fnMap": {
      "0": {
        "name": "fn",
        "decl": { "start": { "line": 1, "column": 16 }, "end": { "line": 1, "column": 21 } },
        "loc": { "start": { "line": 1, "column": 21 }, "end": { "line": 3, "column": null } },
        "line": 1
      }
    },
    "branchMap": {},
    "s": { "0": 1 },
    "f": { "0": 1 },
    "b": {},
    "meta": {
      "lastBranch": 0,
      "lastFunction": 1,
      "lastStatement": 1,
      "seen": { "f:1:16:1:21": 0, "s:2:2:2:Infinity": 0 }
    }
  }
}
